2026-07-10T18:48:37.564+05:30  INFO 42476 --- [Project] [restartedMain] com.WhatApp.WhatAppApplication           : Starting WhatAppApplication using Java 21.0.11 with PID 42476 (C:\Users\anuradha.avaduthwar\Downloads\WhatApp\WhatApp\target\classes started by anuradha.avaduthwar in C:\Users\anuradha.avaduthwar\Downloads\WhatApp\WhatApp)
2026-07-10T18:48:37.564+05:30  INFO 42476 --- [Project] [restartedMain] com.WhatApp.WhatAppApplication           : No active profile set, falling back to 1 default profile: "default"
2026-07-10T18:48:37.705+05:30  INFO 42476 --- [Project] [restartedMain] .s.d.r.c.RepositoryConfigurationDelegate : Bootstrapping Spring Data JPA repositories in DEFAULT mode.
2026-07-10T18:48:37.721+05:30  INFO 42476 --- [Project] [restartedMain] .s.d.r.c.RepositoryConfigurationDelegate : Finished Spring Data repository scanning in 15 ms. Found 6 JPA repository interfaces.
2026-07-10T18:48:37.776+05:30  INFO 42476 --- [Project] [restartedMain] o.s.b.w.embedded.tomcat.TomcatWebServer  : Tomcat initialized with port 8080 (http)
2026-07-10T18:48:37.777+05:30  INFO 42476 --- [Project] [restartedMain] o.apache.catalina.core.StandardService   : Starting service [Tomcat]
2026-07-10T18:48:37.777+05:30  INFO 42476 --- [Project] [restartedMain] o.apache.catalina.core.StandardEngine    : Starting Servlet engine: [Apache Tomcat/10.1.55]
2026-07-10T18:48:37.790+05:30  INFO 42476 --- [Project] [restartedMain] o.a.c.c.C.[Tomcat].[localhost].[/]       : Initializing Spring embedded WebApplicationContext
2026-07-10T18:48:37.790+05:30  INFO 42476 --- [Project] [restartedMain] w.s.c.ServletWebServerApplicationContext : Root WebApplicationContext: initialization completed in 224 ms
2026-07-10T18:48:37.808+05:30  INFO 42476 --- [Project] [restartedMain] o.hibernate.jpa.internal.util.LogHelper  : HHH000204: Processing PersistenceUnitInfo [name: default]
2026-07-10T18:48:37.810+05:30  INFO 42476 --- [Project] [restartedMain] o.h.c.internal.RegionFactoryInitiator    : HHH000026: Second-level cache disabled
2026-07-10T18:48:37.815+05:30  INFO 42476 --- [Project] [restartedMain] o.s.o.j.p.SpringPersistenceUnitInfo      : No LoadTimeWeaver setup: ignoring JPA class transformer
2026-07-10T18:48:37.816+05:30  INFO 42476 --- [Project] [restartedMain] com.zaxxer.hikari.HikariDataSource       : HikariPool-4 - Starting...
2026-07-10T18:48:37.905+05:30  INFO 42476 --- [Project] [restartedMain] com.zaxxer.hikari.pool.HikariPool        : HikariPool-4 - Added connection org.postgresql.jdbc.PgConnection@46aaa378
2026-07-10T18:48:37.905+05:30  INFO 42476 --- [Project] [restartedMain] com.zaxxer.hikari.HikariDataSource       : HikariPool-4 - Start completed.
2026-07-10T18:48:37.927+05:30  INFO 42476 --- [Project] [restartedMain] org.hibernate.orm.connections.pooling    : HHH10001005: Database info:
	Database JDBC URL [Connecting through datasource 'HikariDataSource (HikariPool-4)']
	Database driver: undefined/unknown
	Database version: 18.4
	Autocommit mode: undefined/unknown
	Isolation level: undefined/unknown
	Minimum pool size: undefined/unknown
	Maximum pool size: undefined/unknown
2026-07-10T18:48:37.989+05:30  INFO 42476 --- [Project] [restartedMain] o.h.e.t.j.p.i.JtaPlatformInitiator       : HHH000489: No JTA platform available (set 'hibernate.transaction.jta.platform' to enable JTA platform integration)
2026-07-10T18:48:38.053+05:30  INFO 42476 --- [Project] [restartedMain] j.LocalContainerEntityManagerFactoryBean : Initialized JPA EntityManagerFactory for persistence unit 'default'
2026-07-10T18:48:38.139+05:30  WARN 42476 --- [Project] [restartedMain] JpaBaseConfiguration$JpaWebConfiguration : spring.jpa.open-in-view is enabled by default. Therefore, database queries may be performed during view rendering. Explicitly configure spring.jpa.open-in-view to disable this warning
2026-07-10T18:48:38.194+05:30  INFO 42476 --- [Project] [restartedMain] o.s.b.d.a.OptionalLiveReloadServer       : LiveReload server is running on port 35729
2026-07-10T18:48:38.204+05:30  INFO 42476 --- [Project] [restartedMain] o.s.b.w.embedded.tomcat.TomcatWebServer  : Tomcat started on port 8080 (http) with context path '/'
2026-07-10T18:48:38.207+05:30  INFO 42476 --- [Project] [restartedMain] com.WhatApp.WhatAppApplication           : Started WhatAppApplication in 0.683 seconds (process running for 529.097)
2026-07-10T18:48:39.627+05:30  INFO 42476 --- [Project] [File Watcher] rtingClassPathChangeChangedEventListener : Restarting due to 39 class path changes (0 additions, 0 deletions, 39 modifications)
2026-07-10T18:48:39.628+05:30  INFO 42476 --- [Project] [Thread-15] o.s.b.w.e.tomcat.GracefulShutdown        : Commencing graceful shutdown. Waiting for active requests to complete
2026-07-10T18:48:39.631+05:30  INFO 42476 --- [Project] [tomcat-shutdown] o.s.b.w.e.tomcat.GracefulShutdown        : Graceful shutdown complete
2026-07-10T18:48:39.633+05:30  INFO 42476 --- [Project] [Thread-15] j.LocalContainerEntityManagerFactoryBean : Closing JPA EntityManagerFactory for persistence unit 'default'
2026-07-10T18:48:39.633+05:30  INFO 42476 --- [Project] [Thread-15] com.zaxxer.hikari.HikariDataSource       : HikariPool-4 - Shutdown initiated...
2026-07-10T18:48:39.635+05:30  INFO 42476 --- [Project] [Thread-15] com.zaxxer.hikari.HikariDataSource       : HikariPool-4 - Shutdown completed.
